{"/workspaces/schema-transformer/src/index.ts": {"path":"/workspaces/schema-transformer/src/index.ts","all":false,"statementMap":{"0":{"start":{"line":1,"column":0},"end":{"line":1,"column":33}},"1":{"start":{"line":2,"column":0},"end":{"line":2,"column":0}},"2":{"start":{"line":3,"column":0},"end":{"line":3,"column":50}},"3":{"start":{"line":4,"column":0},"end":{"line":4,"column":20}},"4":{"start":{"line":5,"column":0},"end":{"line":5,"column":0}},"5":{"start":{"line":6,"column":0},"end":{"line":6,"column":34}},"6":{"start":{"line":7,"column":0},"end":{"line":7,"column":29}},"7":{"start":{"line":8,"column":0},"end":{"line":8,"column":5}},"8":{"start":{"line":9,"column":0},"end":{"line":9,"column":0}},"9":{"start":{"line":10,"column":0},"end":{"line":10,"column":54}},"10":{"start":{"line":11,"column":0},"end":{"line":11,"column":39}},"11":{"start":{"line":12,"column":0},"end":{"line":12,"column":7}},"12":{"start":{"line":13,"column":0},"end":{"line":13,"column":35}},"13":{"start":{"line":14,"column":0},"end":{"line":14,"column":26}},"14":{"start":{"line":15,"column":0},"end":{"line":15,"column":60}},"15":{"start":{"line":16,"column":0},"end":{"line":16,"column":28}},"16":{"start":{"line":17,"column":0},"end":{"line":17,"column":14}},"17":{"start":{"line":18,"column":0},"end":{"line":18,"column":51}},"18":{"start":{"line":19,"column":0},"end":{"line":19,"column":68}},"19":{"start":{"line":20,"column":0},"end":{"line":20,"column":74}},"20":{"start":{"line":21,"column":0},"end":{"line":21,"column":15}},"21":{"start":{"line":22,"column":0},"end":{"line":22,"column":0}},"22":{"start":{"line":23,"column":0},"end":{"line":23,"column":35}},"23":{"start":{"line":24,"column":0},"end":{"line":24,"column":50}},"24":{"start":{"line":25,"column":0},"end":{"line":25,"column":28}},"25":{"start":{"line":26,"column":0},"end":{"line":26,"column":31}},"26":{"start":{"line":27,"column":0},"end":{"line":27,"column":32}},"27":{"start":{"line":28,"column":0},"end":{"line":28,"column":18}},"28":{"start":{"line":29,"column":0},"end":{"line":29,"column":14}},"29":{"start":{"line":30,"column":0},"end":{"line":30,"column":10}},"30":{"start":{"line":31,"column":0},"end":{"line":31,"column":16}},"31":{"start":{"line":32,"column":0},"end":{"line":32,"column":18}},"32":{"start":{"line":33,"column":0},"end":{"line":33,"column":10}},"33":{"start":{"line":34,"column":0},"end":{"line":34,"column":5}},"34":{"start":{"line":35,"column":0},"end":{"line":35,"column":0}},"35":{"start":{"line":36,"column":0},"end":{"line":36,"column":17}},"36":{"start":{"line":37,"column":0},"end":{"line":37,"column":27}},"37":{"start":{"line":38,"column":0},"end":{"line":38,"column":5}},"38":{"start":{"line":39,"column":0},"end":{"line":39,"column":1}}},"s":{"0":1,"1":1,"2":1,"3":8,"4":8,"5":8,"6":8,"7":8,"8":8,"9":8,"10":4,"11":4,"12":4,"13":4,"14":4,"15":4,"16":4,"17":4,"18":7,"19":7,"20":4,"21":4,"22":4,"23":4,"24":4,"25":4,"26":4,"27":4,"28":4,"29":4,"30":4,"31":4,"32":4,"33":4,"34":8,"35":8,"36":4,"37":4,"38":8},"branchMap":{"0":{"type":"branch","line":3,"loc":{"start":{"line":3,"column":7},"end":{"line":39,"column":1}},"locations":[{"start":{"line":3,"column":7},"end":{"line":39,"column":1}}]},"1":{"type":"branch","line":6,"loc":{"start":{"line":6,"column":4},"end":{"line":8,"column":5}},"locations":[{"start":{"line":6,"column":4},"end":{"line":8,"column":5}}]},"2":{"type":"branch","line":10,"loc":{"start":{"line":10,"column":4},"end":{"line":34,"column":5}},"locations":[{"start":{"line":10,"column":4},"end":{"line":34,"column":5}}]},"3":{"type":"branch","line":13,"loc":{"start":{"line":13,"column":22},"end":{"line":30,"column":10}},"locations":[{"start":{"line":13,"column":22},"end":{"line":30,"column":10}}]},"4":{"type":"branch","line":18,"loc":{"start":{"line":18,"column":33},"end":{"line":21,"column":13}},"locations":[{"start":{"line":18,"column":33},"end":{"line":21,"column":13}}]},"5":{"type":"branch","line":36,"loc":{"start":{"line":36,"column":4},"end":{"line":38,"column":5}},"locations":[{"start":{"line":36,"column":4},"end":{"line":38,"column":5}}]}},"b":{"0":[8],"1":[8],"2":[4],"3":[4],"4":[7],"5":[4]},"fnMap":{"0":{"name":"<instance_members_initializer>","decl":{"start":{"line":3,"column":7},"end":{"line":39,"column":1}},"loc":{"start":{"line":3,"column":7},"end":{"line":39,"column":1}},"line":3},"1":{"name":"Transformer","decl":{"start":{"line":6,"column":4},"end":{"line":8,"column":5}},"loc":{"start":{"line":6,"column":4},"end":{"line":8,"column":5}},"line":6},"2":{"name":"select","decl":{"start":{"line":10,"column":4},"end":{"line":34,"column":5}},"loc":{"start":{"line":10,"column":4},"end":{"line":34,"column":5}},"line":10},"3":{"name":"apply","decl":{"start":{"line":13,"column":22},"end":{"line":30,"column":10}},"loc":{"start":{"line":13,"column":22},"end":{"line":30,"column":10}},"line":13},"4":{"name":"transform","decl":{"start":{"line":36,"column":4},"end":{"line":38,"column":5}},"loc":{"start":{"line":36,"column":4},"end":{"line":38,"column":5}},"line":36}},"f":{"0":8,"1":8,"2":4,"3":4,"4":4}}
}
